C51 COMPILER V7.50   MAIN                                                                  06/24/2018 13:15:28 PAGE 1   


C51 COMPILER V7.50, COMPILATION OF MODULE MAIN
OBJECT MODULE PLACED IN main.OBJ
COMPILER INVOKED BY: C:\Keil\C51\BIN\C51.EXE main.c BROWSE DEBUG OBJECTEXTEND

line level    source

   1          #include <reg51.h>
   2          
   3          #define Key_0 0
   4          #define Key_1 1
   5          #define Key_2 2
   6          #define Key_3 3
   7          #define Key_4 4
   8          #define Key_5 5
   9          #define Key_6 6
  10          #define Key_7 7
  11          #define Key_8 8
  12          #define Key_9 9
  13          #define Key_modify 10      //修改
  14          #define Key_input_check 11 //答案check
  15          
  16          #define Key_Port P3 // Port 3 接到 4x4 鍵盤
  17          #define Display_Port P2 // Port 2 接到 7-Segment Display
  18          
  19          sbit P2_6 = P2^6; //七解碼LED的port
  20          sbit P2_7 = P2^7; //七解碼LED的port
  21          sbit K4 = P3^7;   //reset鍵的port
  22          
  23          //LCD宣告
  24          void  delay_time(int);
  25          void  LCD_COMMAND(char);
  26          void  LCD_Clear(void); 
  27          void  LCD_Home(void); 
  28          void  LCD_INIT(void);        
  29          void  LCD_Display_Word(char); 
  30          void  LCD_Display_String(char  *s1);
  31          void  LCD_ADDRESS(char,char);
  32          //------------------------------------------------------
  33          // LCD 模組I/O的定義
  34          sbit     RW  = P1^1;  // 直接接地
  35          sbit     RS  = P1^0; 
  36          sbit     EN  = P2^5;  
  37          #define  LCD_DATA   P0     // DB0-DB7  
  38          //-------------------------------------------------------  
  39          //   LCD 設定延遲時間 會隨著不同的CPU工作頻率(速度)而改變
  40          #define  d_time     3000   
  41          
  42          int i,LED_count=0,input_count=1; //變數i,LED計次數,判斷輸入第幾次的變數
  43          int buffer_key_value[5]={0xff,0xff,0xff,0xff,0xff}; //儲存按了什麼按鍵的array
  44          int LED[5]={~0x00,~0x40,~0x10,~0x04,~0x01}; //LED要顯示什麼內容的arrary
  45          int answer[3]={0,0,0}; //儲存目標答案的arrary
  46          //LCD顯示string1&string2
  47          unsigned char   code  String1[]=" Welcome to     ";
  48          unsigned char   code  String2[]=" Da Vinci Code! ";
  49          unsigned char code select_array[5]={~0x01,~0x02,~0x04,~0x010,~0x20};  //七解碼選格的內容arrary
  50          unsigned char code display_array[11]=  //七解碼LED選要顯示什麼內容的arrary
  51          {0x3F,0x06,0x5B,0x4F,0x66, // 0, 1, 2, 3,4,
  52           0x6D,0x7D,0x07,0x7F,0x6F, // 5, 6, 7, 8, 9,
  53           0xff};  //全暗
  54          
  55          
C51 COMPILER V7.50   MAIN                                                                  06/24/2018 13:15:28 PAGE 2   

  56          void  main(void){
  57   1              
  58   1               LCD_INIT();                   //初始設定LCD  Module   
  59   1           LCD_Clear();                  //清除LCD顯示RAM
  60   1           LCD_Home();                   //LCD游標歸位 
  61   1               LCD_ADDRESS(1,1);             //設定LCD游標位址再第一列第一行
  62   1           LCD_Display_String(String1);  //顯示String1[]字串
  63   1               LCD_ADDRESS(2,1);             //設定LCD游標位址再第二列第一行
  64   1           LCD_Display_String(String2);  //顯示String2[]字串
  65   1              
  66   1               K4=1; //初始值得設定 0表示被按 1則相反
  67   1      
  68   1               P2_6 = 0; //七解碼LED的初始設定
  69   1               P2_7 = 0; //七解碼LED的初始設定
  70   1      
  71   1               TMOD = 0x01; // Timer 0 Mode 1 設定
  72   1               //Timer0設定
  73   1               TH0 = (65536-10000)/256; // 10ms 設定
  74   1               TL0 = (65536-10000)%256; // 10ms 設定
  75   1               ET0 = 1; // 致能 Timer0 中斷
  76   1               TR0 = 1; // 啟動 Timer 0 計時
  77   1               //Timer1設定
  78   1               TH1 = (65536-10000)/256; // 10ms 設定
  79   1               TL1 = (65536-10000)%256; // 10ms 設定
  80   1               ET1 = 1; // 致能 Timer1 中斷
  81   1               TR1 = 1; // 啟動 Timer 1 計時 
  82   1      
  83   1               EA = 1; // 致能所有中斷
  84   1      
  85   1               P1 = 0xFF; //LED的初始設定
  86   1               
  87   1           
  88   1              while(1){
  89   2                      if(K4==0) //若K4鍵被按下，做reset
  90   2                      {
  91   3                              for(i=0;i<5;i++)
  92   3                                      buffer_key_value[i]=0xff;
  93   3                              LED_count=0;
  94   3                              K4=1;
  95   3                              input_count=1;
  96   3                      }
  97   2              }
  98   1      
  99   1              
 100   1      
 101   1      }
 102          
 103          


MODULE INFORMATION:   STATIC OVERLAYABLE
   CODE SIZE        =    123    ----
   CONSTANT SIZE    =     50    ----
   XDATA SIZE       =   ----    ----
   PDATA SIZE       =   ----    ----
   DATA SIZE        =     32    ----
   IDATA SIZE       =   ----    ----
   BIT SIZE         =   ----    ----
END OF MODULE INFORMATION.


C51 COMPILATION COMPLETE.  0 WARNING(S),  0 ERROR(S)
